<?xml version="1.0" encoding="UTF-8"?>
<!-- Generated by org.testng.reporters.JUnitReportReporter -->
<testsuite hostname="PN-MCMINI-022.local" name="com.ill.admin.PageLibrary.SearchPageFactoryTestCase2" tests="1" failures="0" timestamp="3 Mar 2017 06:09:04 GMT" time="231.883" errors="0">
  <testcase name="test" time="231.883" classname="com.ill.admin.PageLibrary.SearchPageFactoryTestCase2"/>
</testsuite> <!-- com.ill.admin.PageLibrary.SearchPageFactoryTestCase2 -->
