<?xml version="1.0" encoding="UTF-8"?>
<!-- Generated by org.testng.reporters.JUnitReportReporter -->
<testsuite hostname="PN-MCMINI-022.local" name="com.ill.admin.PageLibrary.TestClass" tests="1" failures="0" timestamp="2 Mar 2017 08:23:26 GMT" time="4.890" errors="0">
  <testcase name="test" time="4.890" classname="com.ill.admin.PageLibrary.TestClass"/>
</testsuite> <!-- com.ill.admin.PageLibrary.TestClass -->
